[12:35:33] [main/INFO]: Setting user: Archi
[12:35:35] [Client thread/INFO]: LWJGL Version: 2.9.1
[12:35:42] [Client thread/INFO]: Reloading ResourceManager: Default, FMLFileResourcePack:Forge Mod Loader, FMLFileResourcePack:Minecraft Forge, FMLFileResourcePack:Not Enough Items, FMLFileResourcePack:BugTorch, FMLFileResourcePack:NoSecrets, FMLFileResourcePack:Memory Cleaner, FMLFileResourcePack:BetterCrashes, FMLFileResourcePack:Modpack Configuration Checker, FMLFileResourcePack:FoamFix, FMLFileResourcePack:Multi Mine, FMLFileResourcePack:EasyLAN, FMLFileResourcePack:No Damage Immunity (NoDamI), FMLFileResourcePack:Gravestone, FMLFileResourcePack:Better Burning, FMLFileResourcePack:PassthroughSigns, FMLFileResourcePack:Treecapitator, FMLFileResourcePack:LOTR Mod Reworked-锟斤拷、彼梦、刚多林汉化, FMLFileResourcePack:Chunk Animator, FMLFileResourcePack:DamageMark, FMLFileResourcePack:Enhanced Visuals, FMLFileResourcePack:Blur, FMLFileResourcePack:Armor Chroma, FMLFileResourcePack:Shoulder Surfing, FMLFileResourcePack:NEI Recipe Handlers, FMLFileResourcePack:Xaero's Minimap, FMLFileResourcePack:Xaero's World Map-彼梦汉化, FMLFileResourcePack:Not Enough Characters, FMLFileResourcePack:Lord of the Rings Bane Tooltips Add-On - 彼梦汉化, FMLFileResourcePack:Better HUD - 彼梦汉化, FMLFileResourcePack:Better Horse Hud, FMLFileResourcePack:ArmorStatusHUD, FMLFileResourcePack:Auto Third Person, FMLFileResourcePack:StepUp - 彼梦版, FMLFileResourcePack:What Are We Looking At, FMLFileResourcePack:Waila Harvestability, FMLFileResourcePack:Waila, FMLFileResourcePack:LOTR Pouch Viewer, FMLFileResourcePack:LOTR Attack Indicator, FMLFileResourcePack:Ding, FMLFileResourcePack:Dynamic Surroundings, FMLFileResourcePack:MAtmos-彼梦汉化, FMLFileResourcePack:UniMixins, FMLFileResourcePack:UniMixins: Mixin (UniMix), FMLFileResourcePack:UniMixins: Compatibility, FMLFileResourcePack:UniMixins: Mixingasm, FMLFileResourcePack:UniMixins: GTNHMixins, FMLFileResourcePack:UniMixins: SpongeMixins, FMLFileResourcePack:UniMixins: MixinBooterLegacy, FMLFileResourcePack:UniMixins: GasStation, FMLFileResourcePack:UniMixins: MixinExtras, FMLFileResourcePack:bspkrsCore, FMLFileResourcePack:AppleCore, Modernity-format1-v3.8.1.zip, MAtmos-MSI_Conversion-1.1-Archi_DreamZ-Fixed.zip, MAtmos-2020-Zen-35-1.2.2.zip, LotR Themed Music Pack.zip, LotR Mod Themed Resource Pack.zip
[12:35:43] [Client thread/INFO]: LOTR: Found logger
[12:35:43] [Client thread/INFO]: LOTR: Registered 150 packet types
[12:35:46] [Sound Library Loader/INFO]: Sound engine started
[12:35:48] [Client thread/INFO]: Created: 2048x1024 textures/blocks-atlas
[12:35:49] [Client thread/INFO]: Created: 2048x1024 textures/items-atlas
[12:35:51] [Client thread/WARN]: LOTRLore: Loading lore karkhu, no category exists for name  forodwaith
[12:35:51] [Client thread/WARN]: LOTRLore: Loading lore on Forochel, no category exists for name  forodwaith
[12:35:51] [Client thread/WARN]: LOTRLore: Loading lore on Forochel, no category exists for name  eriador
[12:35:51] [Client thread/INFO]: LOTRLore: Category ruins has loaded 16 lore texts, of which 8 rewardable
[12:35:51] [Client thread/INFO]: LOTRLore: Category shire has loaded 25 lore texts, of which 11 rewardable
[12:35:51] [Client thread/INFO]: LOTRLore: Category bree has loaded 8 lore texts, of which 3 rewardable
[12:35:51] [Client thread/INFO]: LOTRLore: Category blue_mountains has loaded 9 lore texts, of which 6 rewardable
[12:35:51] [Client thread/INFO]: LOTRLore: Category lindon has loaded 11 lore texts, of which 10 rewardable
[12:35:51] [Client thread/INFO]: LOTRLore: Category eriador has loaded 21 lore texts, of which 15 rewardable
[12:35:51] [Client thread/INFO]: LOTRLore: Category forochel has loaded 5 lore texts, of which 3 rewardable
[12:35:51] [Client thread/INFO]: LOTRLore: Category rivendell has loaded 25 lore texts, of which 23 rewardable
[12:35:51] [Client thread/INFO]: LOTRLore: Category eregion has loaded 7 lore texts, of which 6 rewardable
[12:35:51] [Client thread/INFO]: LOTRLore: Category dunland has loaded 7 lore texts, of which 6 rewardable
[12:35:51] [Client thread/INFO]: LOTRLore: Category gundabad has loaded 4 lore texts, of which 4 rewardable
[12:35:51] [Client thread/INFO]: LOTRLore: Category angmar has loaded 5 lore texts, of which 5 rewardable
[12:35:51] [Client thread/INFO]: LOTRLore: Category woodland_realm has loaded 5 lore texts, of which 4 rewardable
[12:35:51] [Client thread/INFO]: LOTRLore: Category anduin_men has loaded 3 lore texts, of which 2 rewardable
[12:35:51] [Client thread/INFO]: LOTRLore: Category dol_guldur has loaded 5 lore texts, of which 4 rewardable
[12:35:51] [Client thread/INFO]: LOTRLore: Category dale has loaded 15 lore texts, of which 12 rewardable
[12:35:51] [Client thread/INFO]: LOTRLore: Category durins_folk has loaded 14 lore texts, of which 7 rewardable
[12:35:51] [Client thread/INFO]: LOTRLore: Category lothlorien has loaded 10 lore texts, of which 10 rewardable
[12:35:51] [Client thread/INFO]: LOTRLore: Category rohan has loaded 6 lore texts, of which 3 rewardable
[12:35:51] [Client thread/INFO]: LOTRLore: Category druedain has loaded 0 lore texts, of which 0 rewardable
[12:35:51] [Client thread/INFO]: LOTRLore: Category isengard has loaded 4 lore texts, of which 3 rewardable
[12:35:51] [Client thread/INFO]: LOTRLore: Category gondor has loaded 21 lore texts, of which 16 rewardable
[12:35:51] [Client thread/INFO]: LOTRLore: Category black_numenorean has loaded 0 lore texts, of which 0 rewardable
[12:35:51] [Client thread/INFO]: LOTRLore: Category mordor has loaded 6 lore texts, of which 6 rewardable
[12:35:51] [Client thread/INFO]: LOTRLore: Category dorwinion has loaded 7 lore texts, of which 5 rewardable
[12:35:51] [Client thread/INFO]: LOTRLore: Category rhun has loaded 9 lore texts, of which 5 rewardable
[12:35:51] [Client thread/INFO]: LOTRLore: Category khand has loaded 1 lore texts, of which 0 rewardable
[12:35:51] [Client thread/INFO]: LOTRLore: Category red_dwarf has loaded 0 lore texts, of which 0 rewardable
[12:35:51] [Client thread/INFO]: LOTRLore: Category dark_dwarf has loaded 0 lore texts, of which 0 rewardable
[12:35:51] [Client thread/INFO]: LOTRLore: Category wind_dwarf has loaded 1 lore texts, of which 0 rewardable
[12:35:51] [Client thread/INFO]: LOTRLore: Category harnennor has loaded 12 lore texts, of which 9 rewardable
[12:35:51] [Client thread/INFO]: LOTRLore: Category southron has loaded 16 lore texts, of which 14 rewardable
[12:35:51] [Client thread/INFO]: LOTRLore: Category umbar has loaded 18 lore texts, of which 16 rewardable
[12:35:51] [Client thread/INFO]: LOTRLore: Category nomad has loaded 8 lore texts, of which 5 rewardable
[12:35:51] [Client thread/INFO]: LOTRLore: Category gulf has loaded 9 lore texts, of which 7 rewardable
[12:35:51] [Client thread/INFO]: LOTRLore: Category far_harad has loaded 0 lore texts, of which 0 rewardable
[12:35:51] [Client thread/INFO]: LOTRLore: Category far_harad_jungle has loaded 0 lore texts, of which 0 rewardable
[12:35:51] [Client thread/INFO]: LOTRLore: Category half_troll has loaded 0 lore texts, of which 0 rewardable
[12:35:56] [Client thread/INFO]: Current time of loading: 13453 milliseconds.
[12:36:00] [Client thread/INFO]: Reloading ResourceManager: Default, FMLFileResourcePack:Forge Mod Loader, FMLFileResourcePack:Minecraft Forge, FMLFileResourcePack:Not Enough Items, FMLFileResourcePack:BugTorch, FMLFileResourcePack:NoSecrets, FMLFileResourcePack:Memory Cleaner, FMLFileResourcePack:BetterCrashes, FMLFileResourcePack:Modpack Configuration Checker, FMLFileResourcePack:FoamFix, FMLFileResourcePack:Multi Mine, FMLFileResourcePack:EasyLAN, FMLFileResourcePack:No Damage Immunity (NoDamI), FMLFileResourcePack:Gravestone, FMLFileResourcePack:Better Burning, FMLFileResourcePack:PassthroughSigns, FMLFileResourcePack:Treecapitator, FMLFileResourcePack:LOTR Mod Reworked-锟斤拷、彼梦、刚多林汉化, FMLFileResourcePack:Chunk Animator, FMLFileResourcePack:DamageMark, FMLFileResourcePack:Enhanced Visuals, FMLFileResourcePack:Blur, FMLFileResourcePack:Armor Chroma, FMLFileResourcePack:Shoulder Surfing, FMLFileResourcePack:NEI Recipe Handlers, FMLFileResourcePack:Xaero's Minimap, FMLFileResourcePack:Xaero's World Map-彼梦汉化, FMLFileResourcePack:Not Enough Characters, FMLFileResourcePack:Lord of the Rings Bane Tooltips Add-On - 彼梦汉化, FMLFileResourcePack:Better HUD - 彼梦汉化, FMLFileResourcePack:Better Horse Hud, FMLFileResourcePack:ArmorStatusHUD, FMLFileResourcePack:Auto Third Person, FMLFileResourcePack:StepUp - 彼梦版, FMLFileResourcePack:What Are We Looking At, FMLFileResourcePack:Waila Harvestability, FMLFileResourcePack:Waila, FMLFileResourcePack:LOTR Pouch Viewer, FMLFileResourcePack:LOTR Attack Indicator, FMLFileResourcePack:Ding, FMLFileResourcePack:Dynamic Surroundings, FMLFileResourcePack:MAtmos-彼梦汉化, FMLFileResourcePack:UniMixins, FMLFileResourcePack:UniMixins: Mixin (UniMix), FMLFileResourcePack:UniMixins: Compatibility, FMLFileResourcePack:UniMixins: Mixingasm, FMLFileResourcePack:UniMixins: GTNHMixins, FMLFileResourcePack:UniMixins: SpongeMixins, FMLFileResourcePack:UniMixins: MixinBooterLegacy, FMLFileResourcePack:UniMixins: GasStation, FMLFileResourcePack:UniMixins: MixinExtras, FMLFileResourcePack:bspkrsCore, FMLFileResourcePack:AppleCore, Blur dummy resource pack, NEI Recipe Handlers Resource Handler Resources, Modernity-format1-v3.8.1.zip, MAtmos-MSI_Conversion-1.1-Archi_DreamZ-Fixed.zip, MAtmos-2020-Zen-35-1.2.2.zip, LotR Themed Music Pack.zip, LotR Mod Themed Resource Pack.zip
[12:36:01] [Client thread/INFO]: Created: 2048x1024 textures/items-atlas
[12:36:01] [Client thread/INFO]: Created: 2048x1024 textures/blocks-atlas
[12:36:02] [Sound Library Loader/INFO]: Sound engine started
[12:36:02] [Client thread/WARN]: Unable to parse metadata section of resourcepack: Blur dummy resource pack
java.lang.ClassCastException: net.minecraft.client.resources.data.PackMetadataSection cannot be cast to net.minecraft.client.resources.data.LanguageMetadataSection
	at net.minecraft.client.resources.LanguageManager.func_135043_a(LanguageManager.java:50) [brr.class:?]
	at net.minecraft.client.Minecraft.func_110436_a(Minecraft.java:622) [bao.class:?]
	at cpw.mods.fml.client.FMLClientHandler.finishMinecraftLoading(FMLClientHandler.java:327) [FMLClientHandler.class:?]
	at net.minecraft.client.Minecraft.func_71384_a(Minecraft.java:552) [bao.class:?]
	at net.minecraft.client.Minecraft.func_99999_d(Minecraft.java:3096) [bao.class:?]
	at net.minecraft.client.main.Main.main(SourceFile:148) [Main.class:?]
	at sun.reflect.NativeMethodAccessorImpl.invoke0(Native Method) ~[?:1.8.0_321]
	at sun.reflect.NativeMethodAccessorImpl.invoke(NativeMethodAccessorImpl.java:62) ~[?:1.8.0_321]
	at sun.reflect.DelegatingMethodAccessorImpl.invoke(DelegatingMethodAccessorImpl.java:43) ~[?:1.8.0_321]
	at java.lang.reflect.Method.invoke(Method.java:498) ~[?:1.8.0_321]
	at net.minecraft.launchwrapper.Launch.launch(Launch.java:135) [launchwrapper-1.12.jar:?]
	at net.minecraft.launchwrapper.Launch.main(Launch.java:28) [launchwrapper-1.12.jar:?]
	at sun.reflect.NativeMethodAccessorImpl.invoke0(Native Method) ~[?:1.8.0_321]
	at sun.reflect.NativeMethodAccessorImpl.invoke(NativeMethodAccessorImpl.java:62) ~[?:1.8.0_321]
	at sun.reflect.DelegatingMethodAccessorImpl.invoke(DelegatingMethodAccessorImpl.java:43) ~[?:1.8.0_321]
	at java.lang.reflect.Method.invoke(Method.java:498) ~[?:1.8.0_321]
	at oolloo.jlw.Wrapper.invokeMain(Wrapper.java:58) [JavaWrapper.jar:?]
	at oolloo.jlw.Wrapper.main(Wrapper.java:51) [JavaWrapper.jar:?]
[12:36:02] [Client thread/WARN]: Skipping bad option: maxFps:260
[12:36:14] [Server thread/INFO]: Starting integrated minecraft server version 1.7.10
[12:36:14] [Server thread/INFO]: Generating keypair
[12:36:14] [Server thread/INFO]: Changing view distance to 6, from 10
[12:36:15] [Server thread/INFO]: Archi[local:E:9a250d9f] logged in with entity id 5 at (5103.686672479903, 70.0, 1103.0402322390262)
[12:36:15] [Server thread/INFO]: Archi 加入了游戏
[12:36:20] [Client thread/INFO]: [CHAT] §d§l欢迎游玩魔戒重制版整合包手机版，该手机版来自“魔戒MC官方中文社区”，该社区是面向MC魔戒玩家的中文官方交流群，入驻有国内所有魔戒大型服务器。欢迎前来下载官方汉化Mod、整合包、手机版、建筑包、材质包以及其他资源。 §d§l群号：973932359 §d§l作者：彼梦Archi_DreamZ 
[12:36:23] [Client thread/INFO]: [CHAT] §f 自动跳跃 §a已启用
[12:36:29] [Server thread/INFO]: Saving and pausing game...
[12:36:29] [Server thread/INFO]: Saving chunks for level '开始中土世界冒险'/Overworld
[12:36:29] [Server thread/INFO]: Saving chunks for level '开始中土世界冒险'/Nether
[12:36:29] [Server thread/INFO]: Saving chunks for level '开始中土世界冒险'/The End
[12:36:29] [Server thread/INFO]: Saving chunks for level '开始中土世界冒险'/Utumno
[12:36:29] [Server thread/INFO]: Saving chunks for level '开始中土世界冒险'/MiddleEarth
[12:36:39] [Client thread/INFO]: Stopping!
[12:36:39] [Server thread/INFO]: Stopping server
[12:36:39] [Server thread/INFO]: Saving players
[12:36:39] [Server thread/INFO]: Saving worlds
[12:36:39] [Server thread/INFO]: Saving chunks for level '开始中土世界冒险'/Overworld
[12:36:39] [Server thread/INFO]: Saving chunks for level '开始中土世界冒险'/Nether
[12:36:39] [Server thread/INFO]: Saving chunks for level '开始中土世界冒险'/The End
[12:36:39] [Server thread/INFO]: Saving chunks for level '开始中土世界冒险'/Utumno
[12:36:39] [Server thread/INFO]: Saving chunks for level '开始中土世界冒险'/MiddleEarth
