[2023-08-04 12:35:30] [main INFO] Using ModSystemTweaker
[2023-08-04 12:35:30] [main INFO] ModSystemTweaker: acceptOptions
[2023-08-04 12:35:30] [main INFO] ModSystemTweaker: injectIntoClassLoader
[2023-08-04 12:35:30] [main INFO] ClassTransformer Begin
[2023-08-04 12:35:30] [main INFO] file:/C:/Users/Admin/AppData/Roaming/PCL/JavaWrapper.jar : FINISH (not target).
[2023-08-04 12:35:30] [main INFO] file:/G:/【minecraft专区】/JAVA各版本客户端合集/魔戒重制版-手机端（1.7.10）/.魔戒重制版简单整合包（1.7.10）%20-%20手机版测试/.minecraft/libraries/com/mojang/netty/1.8.8/netty-1.8.8.jar : SKIP (library file).
[2023-08-04 12:35:30] [main INFO] file:/G:/【minecraft专区】/JAVA各版本客户端合集/魔戒重制版-手机端（1.7.10）/.魔戒重制版简单整合包（1.7.10）%20-%20手机版测试/.minecraft/libraries/com/mojang/realms/1.3.5/realms-1.3.5.jar : SKIP (library file).
[2023-08-04 12:35:30] [main INFO] file:/G:/【minecraft专区】/JAVA各版本客户端合集/魔戒重制版-手机端（1.7.10）/.魔戒重制版简单整合包（1.7.10）%20-%20手机版测试/.minecraft/libraries/org/apache/commons/commons-compress/1.8.1/commons-compress-1.8.1.jar : SKIP (library file).
[2023-08-04 12:35:30] [main INFO] file:/G:/【minecraft专区】/JAVA各版本客户端合集/魔戒重制版-手机端（1.7.10）/.魔戒重制版简单整合包（1.7.10）%20-%20手机版测试/.minecraft/libraries/org/apache/httpcomponents/httpclient/4.3.3/httpclient-4.3.3.jar : SKIP (library file).
[2023-08-04 12:35:30] [main INFO] file:/G:/【minecraft专区】/JAVA各版本客户端合集/魔戒重制版-手机端（1.7.10）/.魔戒重制版简单整合包（1.7.10）%20-%20手机版测试/.minecraft/libraries/commons-logging/commons-logging/1.1.3/commons-logging-1.1.3.jar : SKIP (library file).
[2023-08-04 12:35:30] [main INFO] file:/G:/【minecraft专区】/JAVA各版本客户端合集/魔戒重制版-手机端（1.7.10）/.魔戒重制版简单整合包（1.7.10）%20-%20手机版测试/.minecraft/libraries/org/apache/httpcomponents/httpcore/4.3.2/httpcore-4.3.2.jar : SKIP (library file).
[2023-08-04 12:35:30] [main INFO] file:/G:/【minecraft专区】/JAVA各版本客户端合集/魔戒重制版-手机端（1.7.10）/.魔戒重制版简单整合包（1.7.10）%20-%20手机版测试/.minecraft/libraries/java3d/vecmath/1.3.1/vecmath-1.3.1.jar : SKIP (library file).
[2023-08-04 12:35:30] [main INFO] file:/G:/【minecraft专区】/JAVA各版本客户端合集/魔戒重制版-手机端（1.7.10）/.魔戒重制版简单整合包（1.7.10）%20-%20手机版测试/.minecraft/libraries/net/sf/trove4j/trove4j/3.0.3/trove4j-3.0.3.jar : SKIP (library file).
[2023-08-04 12:35:30] [main INFO] file:/G:/【minecraft专区】/JAVA各版本客户端合集/魔戒重制版-手机端（1.7.10）/.魔戒重制版简单整合包（1.7.10）%20-%20手机版测试/.minecraft/libraries/com/ibm/icu/icu4j-core-mojang/51.2/icu4j-core-mojang-51.2.jar : SKIP (library file).
[2023-08-04 12:35:30] [main INFO] file:/G:/【minecraft专区】/JAVA各版本客户端合集/魔戒重制版-手机端（1.7.10）/.魔戒重制版简单整合包（1.7.10）%20-%20手机版测试/.minecraft/libraries/com/paulscode/codecjorbis/20101023/codecjorbis-20101023.jar : SKIP (library file).
[2023-08-04 12:35:30] [main INFO] file:/G:/【minecraft专区】/JAVA各版本客户端合集/魔戒重制版-手机端（1.7.10）/.魔戒重制版简单整合包（1.7.10）%20-%20手机版测试/.minecraft/libraries/com/paulscode/codecwav/20101023/codecwav-20101023.jar : SKIP (library file).
[2023-08-04 12:35:30] [main INFO] file:/G:/【minecraft专区】/JAVA各版本客户端合集/魔戒重制版-手机端（1.7.10）/.魔戒重制版简单整合包（1.7.10）%20-%20手机版测试/.minecraft/libraries/com/paulscode/libraryjavasound/20101123/libraryjavasound-20101123.jar : SKIP (library file).
[2023-08-04 12:35:30] [main INFO] file:/G:/【minecraft专区】/JAVA各版本客户端合集/魔戒重制版-手机端（1.7.10）/.魔戒重制版简单整合包（1.7.10）%20-%20手机版测试/.minecraft/libraries/com/paulscode/librarylwjglopenal/20100824/librarylwjglopenal-20100824.jar : SKIP (library file).
[2023-08-04 12:35:30] [main INFO] file:/G:/【minecraft专区】/JAVA各版本客户端合集/魔戒重制版-手机端（1.7.10）/.魔戒重制版简单整合包（1.7.10）%20-%20手机版测试/.minecraft/libraries/com/paulscode/soundsystem/20120107/soundsystem-20120107.jar : SKIP (library file).
[2023-08-04 12:35:30] [main INFO] file:/G:/【minecraft专区】/JAVA各版本客户端合集/魔戒重制版-手机端（1.7.10）/.魔戒重制版简单整合包（1.7.10）%20-%20手机版测试/.minecraft/libraries/io/netty/netty-all/4.0.10.Final/netty-all-4.0.10.Final.jar : SKIP (library file).
[2023-08-04 12:35:30] [main INFO] file:/G:/【minecraft专区】/JAVA各版本客户端合集/魔戒重制版-手机端（1.7.10）/.魔戒重制版简单整合包（1.7.10）%20-%20手机版测试/.minecraft/libraries/commons-io/commons-io/2.4/commons-io-2.4.jar : SKIP (library file).
[2023-08-04 12:35:30] [main INFO] file:/G:/【minecraft专区】/JAVA各版本客户端合集/魔戒重制版-手机端（1.7.10）/.魔戒重制版简单整合包（1.7.10）%20-%20手机版测试/.minecraft/libraries/commons-codec/commons-codec/1.9/commons-codec-1.9.jar : SKIP (library file).
[2023-08-04 12:35:30] [main INFO] file:/G:/【minecraft专区】/JAVA各版本客户端合集/魔戒重制版-手机端（1.7.10）/.魔戒重制版简单整合包（1.7.10）%20-%20手机版测试/.minecraft/libraries/net/java/jinput/jinput/2.0.5/jinput-2.0.5.jar : SKIP (library file).
[2023-08-04 12:35:30] [main INFO] file:/G:/【minecraft专区】/JAVA各版本客户端合集/魔戒重制版-手机端（1.7.10）/.魔戒重制版简单整合包（1.7.10）%20-%20手机版测试/.minecraft/libraries/net/java/jutils/jutils/1.0.0/jutils-1.0.0.jar : SKIP (library file).
[2023-08-04 12:35:30] [main INFO] file:/G:/【minecraft专区】/JAVA各版本客户端合集/魔戒重制版-手机端（1.7.10）/.魔戒重制版简单整合包（1.7.10）%20-%20手机版测试/.minecraft/libraries/com/google/code/gson/gson/2.2.4/gson-2.2.4.jar : SKIP (library file).
[2023-08-04 12:35:30] [main INFO] file:/G:/【minecraft专区】/JAVA各版本客户端合集/魔戒重制版-手机端（1.7.10）/.魔戒重制版简单整合包（1.7.10）%20-%20手机版测试/.minecraft/libraries/com/mojang/authlib/1.5.21/authlib-1.5.21.jar : SKIP (library file).
[2023-08-04 12:35:30] [main INFO] file:/G:/【minecraft专区】/JAVA各版本客户端合集/魔戒重制版-手机端（1.7.10）/.魔戒重制版简单整合包（1.7.10）%20-%20手机版测试/.minecraft/libraries/org/apache/logging/log4j/log4j-api/2.0-beta9/log4j-api-2.0-beta9.jar : SKIP (library file).
[2023-08-04 12:35:30] [main INFO] file:/G:/【minecraft专区】/JAVA各版本客户端合集/魔戒重制版-手机端（1.7.10）/.魔戒重制版简单整合包（1.7.10）%20-%20手机版测试/.minecraft/libraries/org/apache/logging/log4j/log4j-core/2.0-beta9/log4j-core-2.0-beta9.jar : SKIP (library file).
[2023-08-04 12:35:30] [main INFO] file:/G:/【minecraft专区】/JAVA各版本客户端合集/魔戒重制版-手机端（1.7.10）/.魔戒重制版简单整合包（1.7.10）%20-%20手机版测试/.minecraft/libraries/org/lwjgl/lwjgl/lwjgl/2.9.1/lwjgl-2.9.1.jar : SKIP (library file).
[2023-08-04 12:35:30] [main INFO] file:/G:/【minecraft专区】/JAVA各版本客户端合集/魔戒重制版-手机端（1.7.10）/.魔戒重制版简单整合包（1.7.10）%20-%20手机版测试/.minecraft/libraries/org/lwjgl/lwjgl/lwjgl_util/2.9.1/lwjgl_util-2.9.1.jar : SKIP (library file).
[2023-08-04 12:35:30] [main INFO] file:/G:/【minecraft专区】/JAVA各版本客户端合集/魔戒重制版-手机端（1.7.10）/.魔戒重制版简单整合包（1.7.10）%20-%20手机版测试/.minecraft/libraries/tv/twitch/twitch/5.16/twitch-5.16.jar : SKIP (library file).
[2023-08-04 12:35:30] [main INFO] file:/G:/【minecraft专区】/JAVA各版本客户端合集/魔戒重制版-手机端（1.7.10）/.魔戒重制版简单整合包（1.7.10）%20-%20手机版测试/.minecraft/libraries/net/minecraftforge/forge/1.7.10-10.13.4.1614-1.7.10/forge-1.7.10-10.13.4.1614-1.7.10.jar : SKIP (library file).
[2023-08-04 12:35:30] [main INFO] file:/G:/【minecraft专区】/JAVA各版本客户端合集/魔戒重制版-手机端（1.7.10）/.魔戒重制版简单整合包（1.7.10）%20-%20手机版测试/.minecraft/libraries/org/ow2/asm/asm-all/5.0.3/asm-all-5.0.3.jar : SKIP (library file).
[2023-08-04 12:35:30] [main INFO] file:/G:/【minecraft专区】/JAVA各版本客户端合集/魔戒重制版-手机端（1.7.10）/.魔戒重制版简单整合包（1.7.10）%20-%20手机版测试/.minecraft/libraries/com/typesafe/akka/akka-actor_2.11/2.3.3/akka-actor_2.11-2.3.3.jar : SKIP (library file).
[2023-08-04 12:35:30] [main INFO] file:/G:/【minecraft专区】/JAVA各版本客户端合集/魔戒重制版-手机端（1.7.10）/.魔戒重制版简单整合包（1.7.10）%20-%20手机版测试/.minecraft/libraries/com/typesafe/config/1.2.1/config-1.2.1.jar : SKIP (library file).
[2023-08-04 12:35:30] [main INFO] file:/G:/【minecraft专区】/JAVA各版本客户端合集/魔戒重制版-手机端（1.7.10）/.魔戒重制版简单整合包（1.7.10）%20-%20手机版测试/.minecraft/libraries/org/scala-lang/scala-actors-migration_2.11/1.1.0/scala-actors-migration_2.11-1.1.0.jar : SKIP (library file).
[2023-08-04 12:35:30] [main INFO] file:/G:/【minecraft专区】/JAVA各版本客户端合集/魔戒重制版-手机端（1.7.10）/.魔戒重制版简单整合包（1.7.10）%20-%20手机版测试/.minecraft/libraries/org/scala-lang/scala-compiler/2.11.1/scala-compiler-2.11.1.jar : SKIP (library file).
[2023-08-04 12:35:30] [main INFO] file:/G:/【minecraft专区】/JAVA各版本客户端合集/魔戒重制版-手机端（1.7.10）/.魔戒重制版简单整合包（1.7.10）%20-%20手机版测试/.minecraft/libraries/org/scala-lang/plugins/scala-continuations-library_2.11/1.0.2/scala-continuations-library_2.11-1.0.2.jar : SKIP (library file).
[2023-08-04 12:35:30] [main INFO] file:/G:/【minecraft专区】/JAVA各版本客户端合集/魔戒重制版-手机端（1.7.10）/.魔戒重制版简单整合包（1.7.10）%20-%20手机版测试/.minecraft/libraries/org/scala-lang/plugins/scala-continuations-plugin_2.11.1/1.0.2/scala-continuations-plugin_2.11.1-1.0.2.jar : SKIP (library file).
[2023-08-04 12:35:30] [main INFO] file:/G:/【minecraft专区】/JAVA各版本客户端合集/魔戒重制版-手机端（1.7.10）/.魔戒重制版简单整合包（1.7.10）%20-%20手机版测试/.minecraft/libraries/org/scala-lang/scala-library/2.11.1/scala-library-2.11.1.jar : SKIP (library file).
[2023-08-04 12:35:30] [main INFO] file:/G:/【minecraft专区】/JAVA各版本客户端合集/魔戒重制版-手机端（1.7.10）/.魔戒重制版简单整合包（1.7.10）%20-%20手机版测试/.minecraft/libraries/org/scala-lang/scala-parser-combinators_2.11/1.0.1/scala-parser-combinators_2.11-1.0.1.jar : SKIP (library file).
[2023-08-04 12:35:30] [main INFO] file:/G:/【minecraft专区】/JAVA各版本客户端合集/魔戒重制版-手机端（1.7.10）/.魔戒重制版简单整合包（1.7.10）%20-%20手机版测试/.minecraft/libraries/org/scala-lang/scala-reflect/2.11.1/scala-reflect-2.11.1.jar : SKIP (library file).
[2023-08-04 12:35:30] [main INFO] file:/G:/【minecraft专区】/JAVA各版本客户端合集/魔戒重制版-手机端（1.7.10）/.魔戒重制版简单整合包（1.7.10）%20-%20手机版测试/.minecraft/libraries/org/scala-lang/scala-swing_2.11/1.0.1/scala-swing_2.11-1.0.1.jar : SKIP (library file).
[2023-08-04 12:35:30] [main INFO] file:/G:/【minecraft专区】/JAVA各版本客户端合集/魔戒重制版-手机端（1.7.10）/.魔戒重制版简单整合包（1.7.10）%20-%20手机版测试/.minecraft/libraries/org/scala-lang/scala-xml_2.11/1.0.2/scala-xml_2.11-1.0.2.jar : SKIP (library file).
[2023-08-04 12:35:30] [main INFO] file:/G:/【minecraft专区】/JAVA各版本客户端合集/魔戒重制版-手机端（1.7.10）/.魔戒重制版简单整合包（1.7.10）%20-%20手机版测试/.minecraft/libraries/lzma/lzma/0.0.1/lzma-0.0.1.jar : SKIP (library file).
[2023-08-04 12:35:30] [main INFO] file:/G:/【minecraft专区】/JAVA各版本客户端合集/魔戒重制版-手机端（1.7.10）/.魔戒重制版简单整合包（1.7.10）%20-%20手机版测试/.minecraft/libraries/net/sf/jopt-simple/jopt-simple/4.5/jopt-simple-4.5.jar : SKIP (library file).
[2023-08-04 12:35:30] [main INFO] file:/G:/【minecraft专区】/JAVA各版本客户端合集/魔戒重制版-手机端（1.7.10）/.魔戒重制版简单整合包（1.7.10）%20-%20手机版测试/.minecraft/libraries/com/google/guava/guava/17.0/guava-17.0.jar : SKIP (library file).
[2023-08-04 12:35:30] [main INFO] file:/G:/【minecraft专区】/JAVA各版本客户端合集/魔戒重制版-手机端（1.7.10）/.魔戒重制版简单整合包（1.7.10）%20-%20手机版测试/.minecraft/libraries/org/apache/commons/commons-lang3/3.3.2/commons-lang3-3.3.2.jar : SKIP (library file).
[2023-08-04 12:35:30] [main INFO] file:/G:/【minecraft专区】/JAVA各版本客户端合集/魔戒重制版-手机端（1.7.10）/.魔戒重制版简单整合包（1.7.10）%20-%20手机版测试/.minecraft/libraries/optifine/OptiFine/1.7.10_HD_U_E7/OptiFine-1.7.10_HD_U_E7.jar : SKIP (library file).
[2023-08-04 12:35:30] [main INFO] file:/G:/【minecraft专区】/JAVA各版本客户端合集/魔戒重制版-手机端（1.7.10）/.魔戒重制版简单整合包（1.7.10）%20-%20手机版测试/.minecraft/libraries/net/minecraft/launchwrapper/1.12/launchwrapper-1.12.jar : SKIP (library file).
[2023-08-04 12:35:30] [main INFO] file:/G:/【minecraft专区】/JAVA各版本客户端合集/魔戒重制版-手机端（1.7.10）/.魔戒重制版简单整合包（1.7.10）%20-%20手机版测试/.minecraft/versions/LotR-ReWorked-1.7.10/LotR-ReWorked-1.7.10.jar : SKIP (core file).
[2023-08-04 12:35:30] [main INFO] file:/G:/【minecraft专区】/JAVA各版本客户端合集/魔戒重制版-手机端（1.7.10）/.魔戒重制版简单整合包（1.7.10）%20-%20手机版测试/.minecraft/mods/1.7.10/!unimixins-all-1.7.10-0.1.5.jar : FINISH (not target).
[2023-08-04 12:35:30] [main INFO] file:/G:/【minecraft专区】/JAVA各版本客户端合集/魔戒重制版-手机端（1.7.10）/.魔戒重制版简单整合包（1.7.10）%20-%20手机版测试/.minecraft/mods/%5B优化%5DBugTorch-1.2.7.jar : FINISH (not target).
[2023-08-04 12:35:30] [main INFO] file:/G:/【minecraft专区】/JAVA各版本客户端合集/魔戒重制版-手机端（1.7.10）/.魔戒重制版简单整合包（1.7.10）%20-%20手机版测试/.minecraft/mods/%5B优化%5D【崩溃优化】BetterCrashes-1.2.0-GTNH.jar : FINISH (not target).
[2023-08-04 12:35:30] [main INFO] file:/G:/【minecraft专区】/JAVA各版本客户端合集/魔戒重制版-手机端（1.7.10）/.魔戒重制版简单整合包（1.7.10）%20-%20手机版测试/.minecraft/mods/%5B优化%5D【更好的FPS】BetterFps-1.0.1.jar : FINISH (not target).
[2023-08-04 12:35:30] [main INFO] file:/G:/【minecraft专区】/JAVA各版本客户端合集/魔戒重制版-手机端（1.7.10）/.魔戒重制版简单整合包（1.7.10）%20-%20手机版测试/.minecraft/mods/%5B优化%5D【滞后优化】fastcraft-1.25.jar : FINISH (not target).
[2023-08-04 12:35:30] [main INFO] file:/G:/【minecraft专区】/JAVA各版本客户端合集/魔戒重制版-手机端（1.7.10）/.魔戒重制版简单整合包（1.7.10）%20-%20手机版测试/.minecraft/mods/%5B功能%5DCustomSkinLoader_1.7.10-14.6a.jar : CHOOSE.
[2023-08-04 12:35:30] [main INFO] Classes: brk.class brm.class brj.class brl.class bro.class brn.class
[2023-08-04 12:35:30] [main INFO] ClassTransformer Registered
[2023-08-04 12:35:32] [main INFO] ModSystemTweaker: getLaunchArguments
[2023-08-04 12:35:33] [main INFO] Class 'bro'(net.minecraft.client.resources.SkinManager$SkinAvailableCallback) transformed.
[2023-08-04 12:35:45] [Client thread INFO] Class 'brj'(net.minecraft.client.resources.SkinManager) transformed.
[2023-08-04 12:35:46] [Client thread INFO] Class 'brk'(net.minecraft.client.resources.SkinManager$1) transformed.
[2023-08-04 12:36:15] [Client thread INFO] Class 'brm'(net.minecraft.client.resources.SkinManager$3) transformed.
[2023-08-04 12:36:15] [pool-3-thread-1 INFO] Class 'brn'(net.minecraft.client.resources.SkinManager$3$1) transformed.
[2023-08-04 12:36:23] [Client thread INFO] Class 'brl'(net.minecraft.client.resources.SkinManager$2) transformed.
